<?xml version="1.0" encoding="UTF-8"?>
<!-- Generated by org.testng.reporters.JUnitReportReporter -->
<testsuite hostname="Piltu" failures="0" tests="1" name="tc2_repository.ORG_02" time="23.710" errors="0" timestamp="2024-08-30T10:37:59 IST" skipped="0">
  <testcase classname="tc2_repository.ORG_02" name="org_02case" time="23.710"/>
  <system-out/>
</testsuite> <!-- tc2_repository.ORG_02 -->
