<?xml version="1.0" encoding="UTF-8"?>
<!-- Generated by org.testng.reporters.JUnitReportReporter -->
<testsuite hostname="Piltu" failures="0" tests="5" name="sample.Sample1" time="0.015" errors="0" timestamp="2024-08-27T19:14:22 IST" skipped="0">
  <testcase classname="sample.Sample1" name="createUser" time="0.001"/>
  <system-out/>
  <testcase classname="sample.Sample1" name="createUser" time="0.011"/>
  <system-out/>
  <testcase classname="sample.Sample1" name="deleteUser" time="0.001"/>
  <system-out/>
  <testcase classname="sample.Sample1" name="createUser" time="0.001"/>
  <system-out/>
  <testcase classname="sample.Sample1" name="modifyUser" time="0.001"/>
  <system-out/>
</testsuite> <!-- sample.Sample1 -->
