<?xml version="1.0" encoding="UTF-8"?>
<!-- Generated by org.testng.reporters.JUnitReportReporter -->
<testsuite hostname="Piltu" failures="0" tests="1" name="sample.Sample11" time="0.017" errors="0" timestamp="2024-08-27T15:41:55 IST" skipped="0">
  <testcase classname="sample.Sample11" name="createUser" time="0.017"/>
  <system-out/>
</testsuite> <!-- sample.Sample11 -->
