<?xml version="1.0" encoding="UTF-8"?>
<!-- Generated by org.testng.reporters.JUnitReportReporter -->
<testsuite hostname="Piltu" failures="0" tests="1" name="tc_repository.LE_04" time="20.963" errors="0" timestamp="2024-08-30T09:11:51 IST" skipped="0">
  <testcase classname="tc_repository.LE_04" name="le_04Case" time="20.963"/>
  <system-out/>
</testsuite> <!-- tc_repository.LE_04 -->
