<?xml version="1.0" encoding="UTF-8"?>
<!-- Generated by org.testng.reporters.JUnitReportReporter -->
<testsuite hostname="Piltu" failures="0" tests="1" name="tc2_repository.ORG_01" time="24.130" errors="0" timestamp="2024-08-30T10:37:59 IST" skipped="0">
  <testcase classname="tc2_repository.ORG_01" name="org_01case" time="24.130"/>
  <system-out/>
</testsuite> <!-- tc2_repository.ORG_01 -->
