<?xml version="1.0" encoding="UTF-8"?>
<!-- Generated by org.testng.reporters.JUnitReportReporter -->
<testsuite hostname="Piltu" failures="0" tests="1" name="tc2_repository.ORG_04" time="24.813" errors="0" timestamp="2024-08-30T10:37:59 IST" skipped="0">
  <testcase classname="tc2_repository.ORG_04" name="org_04case" time="24.813"/>
  <system-out/>
</testsuite> <!-- tc2_repository.ORG_04 -->
