<?xml version="1.0" encoding="UTF-8"?>
<!-- Generated by org.testng.reporters.JUnitReportReporter -->
<testsuite hostname="Piltu" failures="0" tests="1" name="tc2_repository.ORG_03" time="24.995" errors="0" timestamp="2024-08-30T10:37:59 IST" skipped="0">
  <testcase classname="tc2_repository.ORG_03" name="org_03case" time="24.995"/>
  <system-out/>
</testsuite> <!-- tc2_repository.ORG_03 -->
